# JRE version: OpenJDK Runtime Environment (21.0.6) (build 21.0.6+-13368085-b895.109)
# Java VM: OpenJDK 64-Bit Server VM (21.0.6+-13368085-b895.109, mixed mode, tiered, compressed oops, compressed class ptrs, g1 gc, windows-amd64)
GC Precious Log:
 CardTable entry size: 512
 Card Set container configuration: InlinePtr #cards 5 size 8 Array Of Cards #cards 12 size 40 Howl #buckets 4 coarsen threshold 1843 Howl Bitmap #cards 512 size 80 coarsen threshold 460 Card regions per heap region 1 cards per card region 2048
 CPUs: 16 total, 16 available
 Memory: 16147M
 Large Page Support: Disabled
 NUMA Support: Disabled
 Compressed Oops: Enabled (32-bit)
 Heap Region Size: 1M
 Heap Min Capacity: 8M
 Heap Initial Capacity: 254M
 Heap Max Capacity: 2G
 Pre-touch: Disabled
 Parallel Workers: 13
 Concurrent Workers: 3
 Concurrent Refinement Workers: 13
 Periodic GC: Disabled
Heap:
 garbage-first heap   total 159744K, used 119568K [0x0000000080000000, 0x0000000100000000)
  region size 1024K, 45 young (46080K), 3 survivors (3072K)
 Metaspace       used 96306K, committed 98304K, reserved 1179648K
  class space    used 13002K, committed 14016K, reserved 1048576K
GC Heap History (20 events):
Event: 15.666 GC heap before
{Heap before GC invocations=16 (full 0):
 garbage-first heap   total 126976K, used 107403K [0x0000000080000000, 0x0000000100000000)
  region size 1024K, 74 young (75776K), 10 survivors (10240K)
 Metaspace       used 67166K, committed 68864K, reserved 1114112K
  class space    used 9093K, committed 9920K, reserved 1048576K
}
Event: 15.679 GC heap after
{Heap after GC invocations=17 (full 0):
 garbage-first heap   total 126976K, used 45944K [0x0000000080000000, 0x0000000100000000)
  region size 1024K, 5 young (5120K), 5 survivors (5120K)
 Metaspace       used 67166K, committed 68864K, reserved 1114112K
  class space    used 9093K, committed 9920K, reserved 1048576K
}
Event: 16.155 GC heap before
{Heap before GC invocations=17 (full 0):
 garbage-first heap   total 126976K, used 109432K [0x0000000080000000, 0x0000000100000000)
  region size 1024K, 68 young (69632K), 5 survivors (5120K)
 Metaspace       used 67237K, committed 68928K, reserved 1114112K
  class space    used 9093K, committed 9920K, reserved 1048576K
}
Event: 16.162 GC heap after
{Heap after GC invocations=18 (full 0):
 garbage-first heap   total 126976K, used 46959K [0x0000000080000000, 0x0000000100000000)
  region size 1024K, 6 young (6144K), 6 survivors (6144K)
 Metaspace       used 67237K, committed 68928K, reserved 1114112K
  class space    used 9093K, committed 9920K, reserved 1048576K
}
Event: 16.496 GC heap before
{Heap before GC invocations=18 (full 0):
 garbage-first heap   total 126976K, used 65391K [0x0000000080000000, 0x0000000100000000)
  region size 1024K, 25 young (25600K), 6 survivors (6144K)
 Metaspace       used 67526K, committed 69184K, reserved 1114112K
  class space    used 9131K, committed 9984K, reserved 1048576K
}
Event: 16.503 GC heap after
{Heap after GC invocations=19 (full 0):
 garbage-first heap   total 126976K, used 47847K [0x0000000080000000, 0x0000000100000000)
  region size 1024K, 5 young (5120K), 5 survivors (5120K)
 Metaspace       used 67526K, committed 69184K, reserved 1114112K
  class space    used 9131K, committed 9984K, reserved 1048576K
}
Event: 18.328 GC heap before
{Heap before GC invocations=20 (full 0):
 garbage-first heap   total 126976K, used 119527K [0x0000000080000000, 0x0000000100000000)
  region size 1024K, 69 young (70656K), 5 survivors (5120K)
 Metaspace       used 72831K, committed 74688K, reserved 1114112K
  class space    used 9761K, committed 10688K, reserved 1048576K
}
Event: 18.337 GC heap after
{Heap after GC invocations=21 (full 0):
 garbage-first heap   total 133120K, used 60545K [0x0000000080000000, 0x0000000100000000)
  region size 1024K, 9 young (9216K), 9 survivors (9216K)
 Metaspace       used 72831K, committed 74688K, reserved 1114112K
  class space    used 9761K, committed 10688K, reserved 1048576K
}
Event: 19.903 GC heap before
{Heap before GC invocations=21 (full 0):
 garbage-first heap   total 133120K, used 116865K [0x0000000080000000, 0x0000000100000000)
  region size 1024K, 63 young (64512K), 9 survivors (9216K)
 Metaspace       used 79616K, committed 81472K, reserved 1179648K
  class space    used 10599K, committed 11520K, reserved 1048576K
}
Event: 19.912 GC heap after
{Heap after GC invocations=22 (full 0):
 garbage-first heap   total 133120K, used 64976K [0x0000000080000000, 0x0000000100000000)
  region size 1024K, 4 young (4096K), 4 survivors (4096K)
 Metaspace       used 79616K, committed 81472K, reserved 1179648K
  class space    used 10599K, committed 11520K, reserved 1048576K
}
Event: 19.926 GC heap before
{Heap before GC invocations=22 (full 0):
 garbage-first heap   total 133120K, used 69072K [0x0000000080000000, 0x0000000100000000)
  region size 1024K, 9 young (9216K), 4 survivors (4096K)
 Metaspace       used 79616K, committed 81472K, reserved 1179648K
  class space    used 10599K, committed 11520K, reserved 1048576K
}
Event: 19.934 GC heap after
{Heap after GC invocations=23 (full 0):
 garbage-first heap   total 133120K, used 67226K [0x0000000080000000, 0x0000000100000000)
  region size 1024K, 6 young (6144K), 6 survivors (6144K)
 Metaspace       used 79616K, committed 81472K, reserved 1179648K
  class space    used 10599K, committed 11520K, reserved 1048576K
}
Event: 20.774 GC heap before
{Heap before GC invocations=24 (full 0):
 garbage-first heap   total 133120K, used 108186K [0x0000000080000000, 0x0000000100000000)
  region size 1024K, 42 young (43008K), 6 survivors (6144K)
 Metaspace       used 81851K, committed 83712K, reserved 1179648K
  class space    used 10905K, committed 11840K, reserved 1048576K
}
Event: 20.782 GC heap after
{Heap after GC invocations=25 (full 0):
 garbage-first heap   total 133120K, used 68780K [0x0000000080000000, 0x0000000100000000)
  region size 1024K, 5 young (5120K), 5 survivors (5120K)
 Metaspace       used 81851K, committed 83712K, reserved 1179648K
  class space    used 10905K, committed 11840K, reserved 1048576K
}
Event: 21.795 GC heap before
{Heap before GC invocations=25 (full 0):
 garbage-first heap   total 133120K, used 107692K [0x0000000080000000, 0x0000000100000000)
  region size 1024K, 43 young (44032K), 5 survivors (5120K)
 Metaspace       used 84734K, committed 86656K, reserved 1179648K
  class space    used 11264K, committed 12224K, reserved 1048576K
}
Event: 21.805 GC heap after
{Heap after GC invocations=26 (full 0):
 garbage-first heap   total 159744K, used 72190K [0x0000000080000000, 0x0000000100000000)
  region size 1024K, 6 young (6144K), 6 survivors (6144K)
 Metaspace       used 84734K, committed 86656K, reserved 1179648K
  class space    used 11264K, committed 12224K, reserved 1048576K
}
Event: 23.064 GC heap before
{Heap before GC invocations=26 (full 0):
 garbage-first heap   total 159744K, used 127486K [0x0000000080000000, 0x0000000100000000)
  region size 1024K, 60 young (61440K), 6 survivors (6144K)
 Metaspace       used 88237K, committed 90176K, reserved 1179648K
  class space    used 11724K, committed 12736K, reserved 1048576K
}
Event: 23.073 GC heap after
{Heap after GC invocations=27 (full 0):
 garbage-first heap   total 159744K, used 75387K [0x0000000080000000, 0x0000000100000000)
  region size 1024K, 7 young (7168K), 7 survivors (7168K)
 Metaspace       used 88237K, committed 90176K, reserved 1179648K
  class space    used 11724K, committed 12736K, reserved 1048576K
}
Event: 24.598 GC heap before
{Heap before GC invocations=27 (full 0):
 garbage-first heap   total 159744K, used 131707K [0x0000000080000000, 0x0000000100000000)
  region size 1024K, 62 young (63488K), 7 survivors (7168K)
 Metaspace       used 92741K, committed 94720K, reserved 1179648K
  class space    used 12508K, committed 13504K, reserved 1048576K
}
Event: 24.606 GC heap after
{Heap after GC invocations=28 (full 0):
 garbage-first heap   total 159744K, used 77584K [0x0000000080000000, 0x0000000100000000)
  region size 1024K, 3 young (3072K), 3 survivors (3072K)
 Metaspace       used 92741K, committed 94720K, reserved 1179648K
  class space    used 12508K, committed 13504K, reserved 1048576K
}

