# JRE version: OpenJDK Runtime Environment (21.0.6) (build 21.0.6+-13368085-b895.109)
# Java VM: OpenJDK 64-Bit Server VM (21.0.6+-13368085-b895.109, mixed mode, tiered, compressed oops, compressed class ptrs, g1 gc, windows-amd64)
GC Precious Log:
 CardTable entry size: 512
 Card Set container configuration: InlinePtr #cards 5 size 8 Array Of Cards #cards 12 size 40 Howl #buckets 4 coarsen threshold 1843 Howl Bitmap #cards 512 size 80 coarsen threshold 460 Card regions per heap region 1 cards per card region 2048
 CPUs: 16 total, 16 available
 Memory: 16147M
 Large Page Support: Disabled
 NUMA Support: Disabled
 Compressed Oops: Enabled (32-bit)
 Heap Region Size: 1M
 Heap Min Capacity: 8M
 Heap Initial Capacity: 254M
 Heap Max Capacity: 2G
 Pre-touch: Disabled
 Parallel Workers: 13
 Concurrent Workers: 3
 Concurrent Refinement Workers: 13
 Periodic GC: Disabled
Heap:
 garbage-first heap   total 124928K, used 96274K [0x0000000080000000, 0x0000000100000000)
  region size 1024K, 24 young (24576K), 3 survivors (3072K)
 Metaspace       used 94682K, committed 96640K, reserved 1179648K
  class space    used 12768K, committed 13760K, reserved 1048576K
GC Heap History (20 events):
Event: 18.881 GC heap before
{Heap before GC invocations=18 (full 0):
 garbage-first heap   total 114688K, used 96686K [0x0000000080000000, 0x0000000100000000)
  region size 1024K, 61 young (62464K), 9 survivors (9216K)
 Metaspace       used 67208K, committed 68800K, reserved 1114112K
  class space    used 9085K, committed 9856K, reserved 1048576K
}
Event: 18.893 GC heap after
{Heap after GC invocations=19 (full 0):
 garbage-first heap   total 114688K, used 46185K [0x0000000080000000, 0x0000000100000000)
  region size 1024K, 4 young (4096K), 4 survivors (4096K)
 Metaspace       used 67208K, committed 68800K, reserved 1114112K
  class space    used 9085K, committed 9856K, reserved 1048576K
}
Event: 19.609 GC heap before
{Heap before GC invocations=19 (full 0):
 garbage-first heap   total 114688K, used 101481K [0x0000000080000000, 0x0000000100000000)
  region size 1024K, 58 young (59392K), 4 survivors (4096K)
 Metaspace       used 67215K, committed 68800K, reserved 1114112K
  class space    used 9087K, committed 9856K, reserved 1048576K
}
Event: 19.617 GC heap after
{Heap after GC invocations=20 (full 0):
 garbage-first heap   total 114688K, used 47068K [0x0000000080000000, 0x0000000100000000)
  region size 1024K, 5 young (5120K), 5 survivors (5120K)
 Metaspace       used 67215K, committed 68800K, reserved 1114112K
  class space    used 9087K, committed 9856K, reserved 1048576K
}
Event: 21.279 GC heap before
{Heap before GC invocations=21 (full 0):
 garbage-first heap   total 114688K, used 107484K [0x0000000080000000, 0x0000000100000000)
  region size 1024K, 58 young (59392K), 5 survivors (5120K)
 Metaspace       used 70414K, committed 72128K, reserved 1114112K
  class space    used 9510K, committed 10368K, reserved 1048576K
}
Event: 21.286 GC heap after
{Heap after GC invocations=22 (full 0):
 garbage-first heap   total 120832K, used 59849K [0x0000000080000000, 0x0000000100000000)
  region size 1024K, 8 young (8192K), 8 survivors (8192K)
 Metaspace       used 70414K, committed 72128K, reserved 1114112K
  class space    used 9510K, committed 10368K, reserved 1048576K
}
Event: 22.663 GC heap before
{Heap before GC invocations=22 (full 0):
 garbage-first heap   total 120832K, used 104905K [0x0000000080000000, 0x0000000100000000)
  region size 1024K, 52 young (53248K), 8 survivors (8192K)
 Metaspace       used 75502K, committed 77248K, reserved 1179648K
  class space    used 10006K, committed 10880K, reserved 1048576K
}
Event: 22.670 GC heap after
{Heap after GC invocations=23 (full 0):
 garbage-first heap   total 120832K, used 61192K [0x0000000080000000, 0x0000000100000000)
  region size 1024K, 2 young (2048K), 2 survivors (2048K)
 Metaspace       used 75502K, committed 77248K, reserved 1179648K
  class space    used 10006K, committed 10880K, reserved 1048576K
}
Event: 23.862 GC heap before
{Heap before GC invocations=23 (full 0):
 garbage-first heap   total 120832K, used 92936K [0x0000000080000000, 0x0000000100000000)
  region size 1024K, 35 young (35840K), 2 survivors (2048K)
 Metaspace       used 79589K, committed 81344K, reserved 1179648K
  class space    used 10593K, committed 11456K, reserved 1048576K
}
Event: 23.872 GC heap after
{Heap after GC invocations=24 (full 0):
 garbage-first heap   total 120832K, used 63617K [0x0000000080000000, 0x0000000100000000)
  region size 1024K, 4 young (4096K), 4 survivors (4096K)
 Metaspace       used 79589K, committed 81344K, reserved 1179648K
  class space    used 10593K, committed 11456K, reserved 1048576K
}
Event: 25.065 GC heap before
{Heap before GC invocations=25 (full 0):
 garbage-first heap   total 120832K, used 113793K [0x0000000080000000, 0x0000000100000000)
  region size 1024K, 48 young (49152K), 4 survivors (4096K)
 Metaspace       used 82117K, committed 84032K, reserved 1179648K
  class space    used 10936K, committed 11904K, reserved 1048576K
}
Event: 25.075 GC heap after
{Heap after GC invocations=26 (full 0):
 garbage-first heap   total 121856K, used 68303K [0x0000000080000000, 0x0000000100000000)
  region size 1024K, 6 young (6144K), 6 survivors (6144K)
 Metaspace       used 82117K, committed 84032K, reserved 1179648K
  class space    used 10936K, committed 11904K, reserved 1048576K
}
Event: 26.384 GC heap before
{Heap before GC invocations=26 (full 0):
 garbage-first heap   total 121856K, used 108239K [0x0000000080000000, 0x0000000100000000)
  region size 1024K, 45 young (46080K), 6 survivors (6144K)
 Metaspace       used 84703K, committed 86592K, reserved 1179648K
  class space    used 11257K, committed 12224K, reserved 1048576K
}
Event: 26.395 GC heap after
{Heap after GC invocations=27 (full 0):
 garbage-first heap   total 121856K, used 72562K [0x0000000080000000, 0x0000000100000000)
  region size 1024K, 5 young (5120K), 5 survivors (5120K)
 Metaspace       used 84703K, committed 86592K, reserved 1179648K
  class space    used 11257K, committed 12224K, reserved 1048576K
}
Event: 27.563 GC heap before
{Heap before GC invocations=27 (full 0):
 garbage-first heap   total 121856K, used 108402K [0x0000000080000000, 0x0000000100000000)
  region size 1024K, 40 young (40960K), 5 survivors (5120K)
 Metaspace       used 87134K, committed 89088K, reserved 1179648K
  class space    used 11572K, committed 12544K, reserved 1048576K
}
Event: 27.569 GC heap after
{Heap after GC invocations=28 (full 0):
 garbage-first heap   total 121856K, used 74211K [0x0000000080000000, 0x0000000100000000)
  region size 1024K, 4 young (4096K), 4 survivors (4096K)
 Metaspace       used 87134K, committed 89088K, reserved 1179648K
  class space    used 11572K, committed 12544K, reserved 1048576K
}
Event: 28.726 GC heap before
{Heap before GC invocations=29 (full 0):
 garbage-first heap   total 124928K, used 111075K [0x0000000080000000, 0x0000000100000000)
  region size 1024K, 39 young (39936K), 4 survivors (4096K)
 Metaspace       used 89873K, committed 91776K, reserved 1179648K
  class space    used 12001K, committed 12992K, reserved 1048576K
}
Event: 28.732 GC heap after
{Heap after GC invocations=30 (full 0):
 garbage-first heap   total 124928K, used 75111K [0x0000000080000000, 0x0000000100000000)
  region size 1024K, 2 young (2048K), 2 survivors (2048K)
 Metaspace       used 89873K, committed 91776K, reserved 1179648K
  class space    used 12001K, committed 12992K, reserved 1048576K
}
Event: 30.092 GC heap before
{Heap before GC invocations=30 (full 0):
 garbage-first heap   total 124928K, used 112999K [0x0000000080000000, 0x0000000100000000)
  region size 1024K, 39 young (39936K), 2 survivors (2048K)
 Metaspace       used 92995K, committed 94912K, reserved 1179648K
  class space    used 12535K, committed 13504K, reserved 1048576K
}
Event: 30.098 GC heap after
{Heap after GC invocations=31 (full 0):
 garbage-first heap   total 124928K, used 75794K [0x0000000080000000, 0x0000000100000000)
  region size 1024K, 3 young (3072K), 3 survivors (3072K)
 Metaspace       used 92995K, committed 94912K, reserved 1179648K
  class space    used 12535K, committed 13504K, reserved 1048576K
}

