# JRE version: OpenJDK Runtime Environment (21.0.6) (build 21.0.6+-13368085-b895.109)
# Java VM: OpenJDK 64-Bit Server VM (21.0.6+-13368085-b895.109, mixed mode, tiered, compressed oops, compressed class ptrs, g1 gc, windows-amd64)
GC Precious Log:
 CardTable entry size: 512
 Card Set container configuration: InlinePtr #cards 5 size 8 Array Of Cards #cards 12 size 40 Howl #buckets 4 coarsen threshold 1843 Howl Bitmap #cards 512 size 80 coarsen threshold 460 Card regions per heap region 1 cards per card region 2048
 CPUs: 16 total, 16 available
 Memory: 16147M
 Large Page Support: Disabled
 NUMA Support: Disabled
 Compressed Oops: Enabled (32-bit)
 Heap Region Size: 1M
 Heap Min Capacity: 8M
 Heap Initial Capacity: 254M
 Heap Max Capacity: 2G
 Pre-touch: Disabled
 Parallel Workers: 13
 Concurrent Workers: 3
 Concurrent Refinement Workers: 13
 Periodic GC: Disabled
Heap:
 garbage-first heap   total 201728K, used 131184K [0x0000000080000000, 0x0000000100000000)
  region size 1024K, 7 young (7168K), 2 survivors (2048K)
 Metaspace       used 120017K, committed 122176K, reserved 1179648K
  class space    used 15966K, committed 17024K, reserved 1048576K
GC Heap History (20 events):
Event: 37.010 GC heap before
{Heap before GC invocations=44 (full 0):
 garbage-first heap   total 158720K, used 133316K [0x0000000080000000, 0x0000000100000000)
  region size 1024K, 44 young (45056K), 5 survivors (5120K)
 Metaspace       used 107765K, committed 109952K, reserved 1179648K
  class space    used 14476K, committed 15552K, reserved 1048576K
}
Event: 37.015 GC heap after
{Heap after GC invocations=45 (full 0):
 garbage-first heap   total 158720K, used 96115K [0x0000000080000000, 0x0000000100000000)
  region size 1024K, 5 young (5120K), 5 survivors (5120K)
 Metaspace       used 107765K, committed 109952K, reserved 1179648K
  class space    used 14476K, committed 15552K, reserved 1048576K
}
Event: 37.409 GC heap before
{Heap before GC invocations=45 (full 0):
 garbage-first heap   total 158720K, used 137075K [0x0000000080000000, 0x0000000100000000)
  region size 1024K, 46 young (47104K), 5 survivors (5120K)
 Metaspace       used 108050K, committed 110208K, reserved 1179648K
  class space    used 14510K, committed 15552K, reserved 1048576K
}
Event: 37.415 GC heap after
{Heap after GC invocations=46 (full 0):
 garbage-first heap   total 158720K, used 96054K [0x0000000080000000, 0x0000000100000000)
  region size 1024K, 5 young (5120K), 5 survivors (5120K)
 Metaspace       used 108050K, committed 110208K, reserved 1179648K
  class space    used 14510K, committed 15552K, reserved 1048576K
}
Event: 37.959 GC heap before
{Heap before GC invocations=46 (full 0):
 garbage-first heap   total 158720K, used 111414K [0x0000000080000000, 0x0000000100000000)
  region size 1024K, 22 young (22528K), 5 survivors (5120K)
 Metaspace       used 110104K, committed 112192K, reserved 1179648K
  class space    used 14820K, committed 15872K, reserved 1048576K
}
Event: 37.964 GC heap after
{Heap after GC invocations=47 (full 0):
 garbage-first heap   total 158720K, used 97031K [0x0000000080000000, 0x0000000100000000)
  region size 1024K, 3 young (3072K), 3 survivors (3072K)
 Metaspace       used 110104K, committed 112192K, reserved 1179648K
  class space    used 14820K, committed 15872K, reserved 1048576K
}
Event: 39.140 GC heap before
{Heap before GC invocations=48 (full 0):
 garbage-first heap   total 167936K, used 142087K [0x0000000080000000, 0x0000000100000000)
  region size 1024K, 42 young (43008K), 3 survivors (3072K)
 Metaspace       used 115659K, committed 117824K, reserved 1179648K
  class space    used 15508K, committed 16576K, reserved 1048576K
}
Event: 39.149 GC heap after
{Heap after GC invocations=49 (full 0):
 garbage-first heap   total 167936K, used 106846K [0x0000000080000000, 0x0000000100000000)
  region size 1024K, 6 young (6144K), 6 survivors (6144K)
 Metaspace       used 115659K, committed 117824K, reserved 1179648K
  class space    used 15508K, committed 16576K, reserved 1048576K
}
Event: 40.463 GC heap before
{Heap before GC invocations=49 (full 0):
 garbage-first heap   total 167936K, used 146782K [0x0000000080000000, 0x0000000100000000)
  region size 1024K, 45 young (46080K), 6 survivors (6144K)
 Metaspace       used 117134K, committed 119360K, reserved 1179648K
  class space    used 15691K, committed 16768K, reserved 1048576K
}
Event: 40.481 GC heap after
{Heap after GC invocations=50 (full 0):
 garbage-first heap   total 167936K, used 114974K [0x0000000080000000, 0x0000000100000000)
  region size 1024K, 6 young (6144K), 6 survivors (6144K)
 Metaspace       used 117134K, committed 119360K, reserved 1179648K
  class space    used 15691K, committed 16768K, reserved 1048576K
}
Event: 41.622 GC heap before
{Heap before GC invocations=50 (full 0):
 garbage-first heap   total 167936K, used 147742K [0x0000000080000000, 0x0000000100000000)
  region size 1024K, 39 young (39936K), 6 survivors (6144K)
 Metaspace       used 119372K, committed 121600K, reserved 1179648K
  class space    used 15878K, committed 16960K, reserved 1048576K
}
Event: 42.635 GC heap after
{Heap after GC invocations=51 (full 0):
 garbage-first heap   total 201728K, used 118933K [0x0000000080000000, 0x0000000100000000)
  region size 1024K, 4 young (4096K), 4 survivors (4096K)
 Metaspace       used 119372K, committed 121600K, reserved 1179648K
  class space    used 15878K, committed 16960K, reserved 1048576K
}
Event: 43.156 GC heap before
{Heap before GC invocations=52 (full 0):
 garbage-first heap   total 201728K, used 124053K [0x0000000080000000, 0x0000000100000000)
  region size 1024K, 9 young (9216K), 4 survivors (4096K)
 Metaspace       used 119858K, committed 122048K, reserved 1179648K
  class space    used 15942K, committed 17024K, reserved 1048576K
}
Event: 43.163 GC heap after
{Heap after GC invocations=53 (full 0):
 garbage-first heap   total 201728K, used 117854K [0x0000000080000000, 0x0000000100000000)
  region size 1024K, 2 young (2048K), 2 survivors (2048K)
 Metaspace       used 119858K, committed 122048K, reserved 1179648K
  class space    used 15942K, committed 17024K, reserved 1048576K
}
Event: 43.214 GC heap before
{Heap before GC invocations=53 (full 0):
 garbage-first heap   total 201728K, used 123998K [0x0000000080000000, 0x0000000100000000)
  region size 1024K, 9 young (9216K), 2 survivors (2048K)
 Metaspace       used 119864K, committed 122048K, reserved 1179648K
  class space    used 15942K, committed 17024K, reserved 1048576K
}
Event: 43.223 GC heap after
{Heap after GC invocations=54 (full 0):
 garbage-first heap   total 201728K, used 119788K [0x0000000080000000, 0x0000000100000000)
  region size 1024K, 2 young (2048K), 2 survivors (2048K)
 Metaspace       used 119864K, committed 122048K, reserved 1179648K
  class space    used 15942K, committed 17024K, reserved 1048576K
}
Event: 44.326 GC heap before
{Heap before GC invocations=54 (full 0):
 garbage-first heap   total 201728K, used 126956K [0x0000000080000000, 0x0000000100000000)
  region size 1024K, 9 young (9216K), 2 survivors (2048K)
 Metaspace       used 119867K, committed 122048K, reserved 1179648K
  class space    used 15942K, committed 17024K, reserved 1048576K
}
Event: 44.337 GC heap after
{Heap after GC invocations=55 (full 0):
 garbage-first heap   total 201728K, used 122562K [0x0000000080000000, 0x0000000100000000)
  region size 1024K, 2 young (2048K), 2 survivors (2048K)
 Metaspace       used 119867K, committed 122048K, reserved 1179648K
  class space    used 15942K, committed 17024K, reserved 1048576K
}
Event: 44.366 GC heap before
{Heap before GC invocations=55 (full 0):
 garbage-first heap   total 201728K, used 129730K [0x0000000080000000, 0x0000000100000000)
  region size 1024K, 9 young (9216K), 2 survivors (2048K)
 Metaspace       used 119867K, committed 122048K, reserved 1179648K
  class space    used 15942K, committed 17024K, reserved 1048576K
}
Event: 44.370 GC heap after
{Heap after GC invocations=56 (full 0):
 garbage-first heap   total 201728K, used 123869K [0x0000000080000000, 0x0000000100000000)
  region size 1024K, 2 young (2048K), 2 survivors (2048K)
 Metaspace       used 119867K, committed 122048K, reserved 1179648K
  class space    used 15942K, committed 17024K, reserved 1048576K
}

