# JRE version: OpenJDK Runtime Environment (21.0.6) (build 21.0.6+-13368085-b895.109)
# Java VM: OpenJDK 64-Bit Server VM (21.0.6+-13368085-b895.109, mixed mode, tiered, compressed oops, compressed class ptrs, g1 gc, windows-amd64)
GC Precious Log:
 CardTable entry size: 512
 Card Set container configuration: InlinePtr #cards 5 size 8 Array Of Cards #cards 12 size 40 Howl #buckets 4 coarsen threshold 1843 Howl Bitmap #cards 512 size 80 coarsen threshold 460 Card regions per heap region 1 cards per card region 2048
 CPUs: 16 total, 16 available
 Memory: 16147M
 Large Page Support: Disabled
 NUMA Support: Disabled
 Compressed Oops: Enabled (32-bit)
 Heap Region Size: 1M
 Heap Min Capacity: 8M
 Heap Initial Capacity: 254M
 Heap Max Capacity: 2G
 Pre-touch: Disabled
 Parallel Workers: 13
 Concurrent Workers: 3
 Concurrent Refinement Workers: 13
 Periodic GC: Disabled
Heap:
 garbage-first heap   total 167936K, used 107982K [0x0000000080000000, 0x0000000100000000)
  region size 1024K, 11 young (11264K), 5 survivors (5120K)
 Metaspace       used 118268K, committed 120576K, reserved 1179648K
  class space    used 15598K, committed 16768K, reserved 1048576K
GC Heap History (20 events):
Event: 14.873 GC heap before
{Heap before GC invocations=27 (full 0):
 garbage-first heap   total 156672K, used 138659K [0x0000000080000000, 0x0000000100000000)
  region size 1024K, 64 young (65536K), 3 survivors (3072K)
 Metaspace       used 96758K, committed 98752K, reserved 1179648K
  class space    used 13073K, committed 14080K, reserved 1048576K
}
Event: 14.879 GC heap after
{Heap after GC invocations=28 (full 0):
 garbage-first heap   total 156672K, used 79359K [0x0000000080000000, 0x0000000100000000)
  region size 1024K, 6 young (6144K), 6 survivors (6144K)
 Metaspace       used 96758K, committed 98752K, reserved 1179648K
  class space    used 13073K, committed 14080K, reserved 1048576K
}
Event: 15.930 GC heap before
{Heap before GC invocations=29 (full 0):
 garbage-first heap   total 156672K, used 140799K [0x0000000080000000, 0x0000000100000000)
  region size 1024K, 66 young (67584K), 6 survivors (6144K)
 Metaspace       used 101870K, committed 104000K, reserved 1179648K
  class space    used 13836K, committed 14912K, reserved 1048576K
}
Event: 15.939 GC heap after
{Heap after GC invocations=30 (full 0):
 garbage-first heap   total 156672K, used 82784K [0x0000000080000000, 0x0000000100000000)
  region size 1024K, 7 young (7168K), 7 survivors (7168K)
 Metaspace       used 101870K, committed 104000K, reserved 1179648K
  class space    used 13836K, committed 14912K, reserved 1048576K
}
Event: 16.895 GC heap before
{Heap before GC invocations=30 (full 0):
 garbage-first heap   total 156672K, used 143200K [0x0000000080000000, 0x0000000100000000)
  region size 1024K, 62 young (63488K), 7 survivors (7168K)
 Metaspace       used 107212K, committed 109440K, reserved 1179648K
  class space    used 14422K, committed 15552K, reserved 1048576K
}
Event: 16.905 GC heap after
{Heap after GC invocations=31 (full 0):
 garbage-first heap   total 158720K, used 88050K [0x0000000080000000, 0x0000000100000000)
  region size 1024K, 8 young (8192K), 8 survivors (8192K)
 Metaspace       used 107212K, committed 109440K, reserved 1179648K
  class space    used 14422K, committed 15552K, reserved 1048576K
}
Event: 17.164 GC heap before
{Heap before GC invocations=31 (full 0):
 garbage-first heap   total 158720K, used 140274K [0x0000000080000000, 0x0000000100000000)
  region size 1024K, 60 young (61440K), 8 survivors (8192K)
 Metaspace       used 107382K, committed 109568K, reserved 1179648K
  class space    used 14431K, committed 15552K, reserved 1048576K
}
Event: 17.172 GC heap after
{Heap after GC invocations=32 (full 0):
 garbage-first heap   total 158720K, used 93653K [0x0000000080000000, 0x0000000100000000)
  region size 1024K, 5 young (5120K), 5 survivors (5120K)
 Metaspace       used 107382K, committed 109568K, reserved 1179648K
  class space    used 14431K, committed 15552K, reserved 1048576K
}
Event: 17.563 GC heap before
{Heap before GC invocations=33 (full 0):
 garbage-first heap   total 158720K, used 142805K [0x0000000080000000, 0x0000000100000000)
  region size 1024K, 54 young (55296K), 5 survivors (5120K)
 Metaspace       used 107641K, committed 109760K, reserved 1179648K
  class space    used 14472K, committed 15552K, reserved 1048576K
}
Event: 17.568 GC heap after
{Heap after GC invocations=34 (full 0):
 garbage-first heap   total 158720K, used 96287K [0x0000000080000000, 0x0000000100000000)
  region size 1024K, 6 young (6144K), 6 survivors (6144K)
 Metaspace       used 107641K, committed 109760K, reserved 1179648K
  class space    used 14472K, committed 15552K, reserved 1048576K
}
Event: 17.767 GC heap before
{Heap before GC invocations=34 (full 0):
 garbage-first heap   total 158720K, used 141343K [0x0000000080000000, 0x0000000100000000)
  region size 1024K, 51 young (52224K), 6 survivors (6144K)
 Metaspace       used 107751K, committed 109952K, reserved 1179648K
  class space    used 14485K, committed 15552K, reserved 1048576K
}
Event: 17.771 GC heap after
{Heap after GC invocations=35 (full 0):
 garbage-first heap   total 158720K, used 96614K [0x0000000080000000, 0x0000000100000000)
  region size 1024K, 5 young (5120K), 5 survivors (5120K)
 Metaspace       used 107751K, committed 109952K, reserved 1179648K
  class space    used 14485K, committed 15552K, reserved 1048576K
}
Event: 18.069 GC heap before
{Heap before GC invocations=35 (full 0):
 garbage-first heap   total 158720K, used 142694K [0x0000000080000000, 0x0000000100000000)
  region size 1024K, 51 young (52224K), 5 survivors (5120K)
 Metaspace       used 108764K, committed 110912K, reserved 1179648K
  class space    used 14628K, committed 15680K, reserved 1048576K
}
Event: 18.074 GC heap after
{Heap after GC invocations=36 (full 0):
 garbage-first heap   total 158720K, used 100152K [0x0000000080000000, 0x0000000100000000)
  region size 1024K, 6 young (6144K), 6 survivors (6144K)
 Metaspace       used 108764K, committed 110912K, reserved 1179648K
  class space    used 14628K, committed 15680K, reserved 1048576K
}
Event: 18.317 GC heap before
{Heap before GC invocations=37 (full 0):
 garbage-first heap   total 167936K, used 142136K [0x0000000080000000, 0x0000000100000000)
  region size 1024K, 48 young (49152K), 6 survivors (6144K)
 Metaspace       used 109189K, committed 111296K, reserved 1179648K
  class space    used 14662K, committed 15744K, reserved 1048576K
}
Event: 18.324 GC heap after
{Heap after GC invocations=38 (full 0):
 garbage-first heap   total 167936K, used 102131K [0x0000000080000000, 0x0000000100000000)
  region size 1024K, 5 young (5120K), 5 survivors (5120K)
 Metaspace       used 109189K, committed 111296K, reserved 1179648K
  class space    used 14662K, committed 15744K, reserved 1048576K
}
Event: 21.501 GC heap before
{Heap before GC invocations=38 (full 0):
 garbage-first heap   total 167936K, used 151283K [0x0000000080000000, 0x0000000100000000)
  region size 1024K, 54 young (55296K), 5 survivors (5120K)
 Metaspace       used 114260K, committed 116544K, reserved 1179648K
  class space    used 15247K, committed 16384K, reserved 1048576K
}
Event: 21.508 GC heap after
{Heap after GC invocations=39 (full 0):
 garbage-first heap   total 167936K, used 102052K [0x0000000080000000, 0x0000000100000000)
  region size 1024K, 4 young (4096K), 4 survivors (4096K)
 Metaspace       used 114260K, committed 116544K, reserved 1179648K
  class space    used 15247K, committed 16384K, reserved 1048576K
}
Event: 73.554 GC heap before
{Heap before GC invocations=39 (full 0):
 garbage-first heap   total 167936K, used 152228K [0x0000000080000000, 0x0000000100000000)
  region size 1024K, 54 young (55296K), 4 survivors (4096K)
 Metaspace       used 118232K, committed 120512K, reserved 1179648K
  class space    used 15596K, committed 16768K, reserved 1048576K
}
Event: 73.558 GC heap after
{Heap after GC invocations=40 (full 0):
 garbage-first heap   total 167936K, used 102862K [0x0000000080000000, 0x0000000100000000)
  region size 1024K, 5 young (5120K), 5 survivors (5120K)
 Metaspace       used 118232K, committed 120512K, reserved 1179648K
  class space    used 15596K, committed 16768K, reserved 1048576K
}

