# JRE version: OpenJDK Runtime Environment (21.0.6) (build 21.0.6+-13368085-b895.109)
# Java VM: OpenJDK 64-Bit Server VM (21.0.6+-13368085-b895.109, mixed mode, tiered, compressed oops, compressed class ptrs, g1 gc, windows-amd64)
GC Precious Log:
 CardTable entry size: 512
 Card Set container configuration: InlinePtr #cards 5 size 8 Array Of Cards #cards 12 size 40 Howl #buckets 4 coarsen threshold 1843 Howl Bitmap #cards 512 size 80 coarsen threshold 460 Card regions per heap region 1 cards per card region 2048
 CPUs: 16 total, 16 available
 Memory: 16147M
 Large Page Support: Disabled
 NUMA Support: Disabled
 Compressed Oops: Enabled (32-bit)
 Heap Region Size: 1M
 Heap Min Capacity: 8M
 Heap Initial Capacity: 254M
 Heap Max Capacity: 2G
 Pre-touch: Disabled
 Parallel Workers: 13
 Concurrent Workers: 3
 Concurrent Refinement Workers: 13
 Periodic GC: Disabled
Heap:
 garbage-first heap   total 171008K, used 125247K [0x0000000080000000, 0x0000000100000000)
  region size 1024K, 7 young (7168K), 5 survivors (5120K)
 Metaspace       used 120064K, committed 122368K, reserved 1179648K
  class space    used 15978K, committed 17152K, reserved 1048576K
GC Heap History (20 events):
Event: 29.700 GC heap before
{Heap before GC invocations=39 (full 0):
 garbage-first heap   total 132096K, used 112378K [0x0000000080000000, 0x0000000100000000)
  region size 1024K, 36 young (36864K), 5 survivors (5120K)
 Metaspace       used 104046K, committed 106176K, reserved 1179648K
  class space    used 14044K, committed 15104K, reserved 1048576K
}
Event: 29.710 GC heap after
{Heap after GC invocations=40 (full 0):
 garbage-first heap   total 132096K, used 87456K [0x0000000080000000, 0x0000000100000000)
  region size 1024K, 5 young (5120K), 5 survivors (5120K)
 Metaspace       used 104046K, committed 106176K, reserved 1179648K
  class space    used 14044K, committed 15104K, reserved 1048576K
}
Event: 30.760 GC heap before
{Heap before GC invocations=41 (full 0):
 garbage-first heap   total 155648K, used 121248K [0x0000000080000000, 0x0000000100000000)
  region size 1024K, 34 young (34816K), 5 survivors (5120K)
 Metaspace       used 107526K, committed 109632K, reserved 1179648K
  class space    used 14464K, committed 15488K, reserved 1048576K
}
Event: 30.770 GC heap after
{Heap after GC invocations=42 (full 0):
 garbage-first heap   total 155648K, used 90424K [0x0000000080000000, 0x0000000100000000)
  region size 1024K, 4 young (4096K), 4 survivors (4096K)
 Metaspace       used 107526K, committed 109632K, reserved 1179648K
  class space    used 14464K, committed 15488K, reserved 1048576K
}
Event: 31.011 GC heap before
{Heap before GC invocations=42 (full 0):
 garbage-first heap   total 155648K, used 139576K [0x0000000080000000, 0x0000000100000000)
  region size 1024K, 53 young (54272K), 4 survivors (4096K)
 Metaspace       used 107553K, committed 109632K, reserved 1179648K
  class space    used 14464K, committed 15488K, reserved 1048576K
}
Event: 31.018 GC heap after
{Heap after GC invocations=43 (full 0):
 garbage-first heap   total 155648K, used 93446K [0x0000000080000000, 0x0000000100000000)
  region size 1024K, 7 young (7168K), 7 survivors (7168K)
 Metaspace       used 107553K, committed 109632K, reserved 1179648K
  class space    used 14464K, committed 15488K, reserved 1048576K
}
Event: 31.702 GC heap before
{Heap before GC invocations=43 (full 0):
 garbage-first heap   total 155648K, used 137478K [0x0000000080000000, 0x0000000100000000)
  region size 1024K, 51 young (52224K), 7 survivors (7168K)
 Metaspace       used 107766K, committed 109888K, reserved 1179648K
  class space    used 14493K, committed 15552K, reserved 1048576K
}
Event: 31.714 GC heap after
{Heap after GC invocations=44 (full 0):
 garbage-first heap   total 155648K, used 95557K [0x0000000080000000, 0x0000000100000000)
  region size 1024K, 6 young (6144K), 6 survivors (6144K)
 Metaspace       used 107766K, committed 109888K, reserved 1179648K
  class space    used 14493K, committed 15552K, reserved 1048576K
}
Event: 32.150 GC heap before
{Heap before GC invocations=45 (full 0):
 garbage-first heap   total 160768K, used 138565K [0x0000000080000000, 0x0000000100000000)
  region size 1024K, 49 young (50176K), 6 survivors (6144K)
 Metaspace       used 107850K, committed 109952K, reserved 1179648K
  class space    used 14502K, committed 15552K, reserved 1048576K
}
Event: 32.158 GC heap after
{Heap after GC invocations=46 (full 0):
 garbage-first heap   total 160768K, used 97174K [0x0000000080000000, 0x0000000100000000)
  region size 1024K, 4 young (4096K), 4 survivors (4096K)
 Metaspace       used 107850K, committed 109952K, reserved 1179648K
  class space    used 14502K, committed 15552K, reserved 1048576K
}
Event: 39.388 GC heap before
{Heap before GC invocations=46 (full 0):
 garbage-first heap   total 160768K, used 148374K [0x0000000080000000, 0x0000000100000000)
  region size 1024K, 53 young (54272K), 4 survivors (4096K)
 Metaspace       used 112276K, committed 114368K, reserved 1179648K
  class space    used 15152K, committed 16192K, reserved 1048576K
}
Event: 39.396 GC heap after
{Heap after GC invocations=47 (full 0):
 garbage-first heap   total 160768K, used 97724K [0x0000000080000000, 0x0000000100000000)
  region size 1024K, 5 young (5120K), 5 survivors (5120K)
 Metaspace       used 112276K, committed 114368K, reserved 1179648K
  class space    used 15152K, committed 16192K, reserved 1048576K
}
Event: 39.656 GC heap before
{Heap before GC invocations=47 (full 0):
 garbage-first heap   total 160768K, used 106940K [0x0000000080000000, 0x0000000100000000)
  region size 1024K, 16 young (16384K), 5 survivors (5120K)
 Metaspace       used 114533K, committed 116736K, reserved 1179648K
  class space    used 15420K, committed 16512K, reserved 1048576K
}
Event: 39.663 GC heap after
{Heap after GC invocations=48 (full 0):
 garbage-first heap   total 160768K, used 98776K [0x0000000080000000, 0x0000000100000000)
  region size 1024K, 2 young (2048K), 2 survivors (2048K)
 Metaspace       used 114533K, committed 116736K, reserved 1179648K
  class space    used 15420K, committed 16512K, reserved 1048576K
}
Event: 41.269 GC heap before
{Heap before GC invocations=49 (full 0):
 garbage-first heap   total 171008K, used 151000K [0x0000000080000000, 0x0000000100000000)
  region size 1024K, 50 young (51200K), 2 survivors (2048K)
 Metaspace       used 116402K, committed 118592K, reserved 1179648K
  class space    used 15584K, committed 16704K, reserved 1048576K
}
Event: 41.283 GC heap after
{Heap after GC invocations=50 (full 0):
 garbage-first heap   total 171008K, used 115433K [0x0000000080000000, 0x0000000100000000)
  region size 1024K, 7 young (7168K), 7 survivors (7168K)
 Metaspace       used 116402K, committed 118592K, reserved 1179648K
  class space    used 15584K, committed 16704K, reserved 1048576K
}
Event: 43.121 GC heap before
{Heap before GC invocations=50 (full 0):
 garbage-first heap   total 171008K, used 154345K [0x0000000080000000, 0x0000000100000000)
  region size 1024K, 45 young (46080K), 7 survivors (7168K)
 Metaspace       used 118744K, committed 121024K, reserved 1179648K
  class space    used 15836K, committed 16960K, reserved 1048576K
}
Event: 43.135 GC heap after
{Heap after GC invocations=51 (full 0):
 garbage-first heap   total 171008K, used 118882K [0x0000000080000000, 0x0000000100000000)
  region size 1024K, 4 young (4096K), 4 survivors (4096K)
 Metaspace       used 118744K, committed 121024K, reserved 1179648K
  class space    used 15836K, committed 16960K, reserved 1048576K
}
Event: 44.122 GC heap before
{Heap before GC invocations=51 (full 0):
 garbage-first heap   total 171008K, used 154722K [0x0000000080000000, 0x0000000100000000)
  region size 1024K, 40 young (40960K), 4 survivors (4096K)
 Metaspace       used 120039K, committed 122368K, reserved 1179648K
  class space    used 15973K, committed 17152K, reserved 1048576K
}
Event: 44.137 GC heap after
{Heap after GC invocations=52 (full 0):
 garbage-first heap   total 171008K, used 125247K [0x0000000080000000, 0x0000000100000000)
  region size 1024K, 5 young (5120K), 5 survivors (5120K)
 Metaspace       used 120039K, committed 122368K, reserved 1179648K
  class space    used 15973K, committed 17152K, reserved 1048576K
}

