# JRE version: OpenJDK Runtime Environment (21.0.6) (build 21.0.6+-13368085-b895.109)
# Java VM: OpenJDK 64-Bit Server VM (21.0.6+-13368085-b895.109, mixed mode, tiered, compressed oops, compressed class ptrs, g1 gc, windows-amd64)
GC Precious Log:
 CardTable entry size: 512
 Card Set container configuration: InlinePtr #cards 5 size 8 Array Of Cards #cards 12 size 40 Howl #buckets 4 coarsen threshold 1843 Howl Bitmap #cards 512 size 80 coarsen threshold 460 Card regions per heap region 1 cards per card region 2048
 CPUs: 16 total, 16 available
 Memory: 16147M
 Large Page Support: Disabled
 NUMA Support: Disabled
 Compressed Oops: Enabled (32-bit)
 Heap Region Size: 1M
 Heap Min Capacity: 8M
 Heap Initial Capacity: 254M
 Heap Max Capacity: 2G
 Pre-touch: Disabled
 Parallel Workers: 13
 Concurrent Workers: 3
 Concurrent Refinement Workers: 13
 Periodic GC: Disabled
Heap:
 garbage-first heap   total 162816K, used 111910K [0x0000000080000000, 0x0000000100000000)
  region size 1024K, 18 young (18432K), 6 survivors (6144K)
 Metaspace       used 108765K, committed 110912K, reserved 1179648K
  class space    used 14641K, committed 15680K, reserved 1048576K
GC Heap History (20 events):
Event: 22.999 GC heap before
{Heap before GC invocations=42 (full 0):
 garbage-first heap   total 117760K, used 104885K [0x0000000080000000, 0x0000000100000000)
  region size 1024K, 37 young (37888K), 4 survivors (4096K)
 Metaspace       used 85482K, committed 87360K, reserved 1179648K
  class space    used 11353K, committed 12288K, reserved 1048576K
}
Event: 23.009 GC heap after
{Heap after GC invocations=43 (full 0):
 garbage-first heap   total 141312K, used 74832K [0x0000000080000000, 0x0000000100000000)
  region size 1024K, 5 young (5120K), 5 survivors (5120K)
 Metaspace       used 85482K, committed 87360K, reserved 1179648K
  class space    used 11353K, committed 12288K, reserved 1048576K
}
Event: 24.157 GC heap before
{Heap before GC invocations=44 (full 0):
 garbage-first heap   total 141312K, used 123984K [0x0000000080000000, 0x0000000100000000)
  region size 1024K, 52 young (53248K), 5 survivors (5120K)
 Metaspace       used 89253K, committed 91200K, reserved 1179648K
  class space    used 11883K, committed 12864K, reserved 1048576K
}
Event: 24.165 GC heap after
{Heap after GC invocations=45 (full 0):
 garbage-first heap   total 141312K, used 77061K [0x0000000080000000, 0x0000000100000000)
  region size 1024K, 6 young (6144K), 6 survivors (6144K)
 Metaspace       used 89253K, committed 91200K, reserved 1179648K
  class space    used 11883K, committed 12864K, reserved 1048576K
}
Event: 25.579 GC heap before
{Heap before GC invocations=45 (full 0):
 garbage-first heap   total 141312K, used 125189K [0x0000000080000000, 0x0000000100000000)
  region size 1024K, 53 young (54272K), 6 survivors (6144K)
 Metaspace       used 93226K, committed 95168K, reserved 1179648K
  class space    used 12557K, committed 13504K, reserved 1048576K
}
Event: 25.588 GC heap after
{Heap after GC invocations=46 (full 0):
 garbage-first heap   total 141312K, used 76600K [0x0000000080000000, 0x0000000100000000)
  region size 1024K, 4 young (4096K), 4 survivors (4096K)
 Metaspace       used 93226K, committed 95168K, reserved 1179648K
  class space    used 12557K, committed 13504K, reserved 1048576K
}
Event: 26.999 GC heap before
{Heap before GC invocations=46 (full 0):
 garbage-first heap   total 141312K, used 126776K [0x0000000080000000, 0x0000000100000000)
  region size 1024K, 53 young (54272K), 4 survivors (4096K)
 Metaspace       used 97167K, committed 99200K, reserved 1179648K
  class space    used 13133K, committed 14144K, reserved 1048576K
}
Event: 27.007 GC heap after
{Heap after GC invocations=47 (full 0):
 garbage-first heap   total 141312K, used 79552K [0x0000000080000000, 0x0000000100000000)
  region size 1024K, 7 young (7168K), 7 survivors (7168K)
 Metaspace       used 97167K, committed 99200K, reserved 1179648K
  class space    used 13133K, committed 14144K, reserved 1048576K
}
Event: 28.366 GC heap before
{Heap before GC invocations=48 (full 0):
 garbage-first heap   total 141312K, used 125632K [0x0000000080000000, 0x0000000100000000)
  region size 1024K, 52 young (53248K), 7 survivors (7168K)
 Metaspace       used 101443K, committed 103616K, reserved 1179648K
  class space    used 13781K, committed 14848K, reserved 1048576K
}
Event: 28.379 GC heap after
{Heap after GC invocations=49 (full 0):
 garbage-first heap   total 141312K, used 81658K [0x0000000080000000, 0x0000000100000000)
  region size 1024K, 6 young (6144K), 6 survivors (6144K)
 Metaspace       used 101443K, committed 103616K, reserved 1179648K
  class space    used 13781K, committed 14848K, reserved 1048576K
}
Event: 29.412 GC heap before
{Heap before GC invocations=49 (full 0):
 garbage-first heap   total 141312K, used 129786K [0x0000000080000000, 0x0000000100000000)
  region size 1024K, 49 young (50176K), 6 survivors (6144K)
 Metaspace       used 104949K, committed 107008K, reserved 1179648K
  class space    used 14066K, committed 15104K, reserved 1048576K
}
Event: 29.423 GC heap after
{Heap after GC invocations=50 (full 0):
 garbage-first heap   total 145408K, used 86363K [0x0000000080000000, 0x0000000100000000)
  region size 1024K, 7 young (7168K), 7 survivors (7168K)
 Metaspace       used 104949K, committed 107008K, reserved 1179648K
  class space    used 14066K, committed 15104K, reserved 1048576K
}
Event: 30.618 GC heap before
{Heap before GC invocations=50 (full 0):
 garbage-first heap   total 145408K, used 128347K [0x0000000080000000, 0x0000000100000000)
  region size 1024K, 49 young (50176K), 7 survivors (7168K)
 Metaspace       used 107579K, committed 109632K, reserved 1179648K
  class space    used 14465K, committed 15488K, reserved 1048576K
}
Event: 30.633 GC heap after
{Heap after GC invocations=51 (full 0):
 garbage-first heap   total 145408K, used 92979K [0x0000000080000000, 0x0000000100000000)
  region size 1024K, 6 young (6144K), 6 survivors (6144K)
 Metaspace       used 107579K, committed 109632K, reserved 1179648K
  class space    used 14465K, committed 15488K, reserved 1048576K
}
Event: 30.927 GC heap before
{Heap before GC invocations=52 (full 0):
 garbage-first heap   total 155648K, used 129843K [0x0000000080000000, 0x0000000100000000)
  region size 1024K, 42 young (43008K), 6 survivors (6144K)
 Metaspace       used 107588K, committed 109632K, reserved 1179648K
  class space    used 14465K, committed 15488K, reserved 1048576K
}
Event: 30.936 GC heap after
{Heap after GC invocations=53 (full 0):
 garbage-first heap   total 155648K, used 94267K [0x0000000080000000, 0x0000000100000000)
  region size 1024K, 4 young (4096K), 4 survivors (4096K)
 Metaspace       used 107588K, committed 109632K, reserved 1179648K
  class space    used 14465K, committed 15488K, reserved 1048576K
}
Event: 31.735 GC heap before
{Heap before GC invocations=53 (full 0):
 garbage-first heap   total 155648K, used 139323K [0x0000000080000000, 0x0000000100000000)
  region size 1024K, 49 young (50176K), 4 survivors (4096K)
 Metaspace       used 107800K, committed 109952K, reserved 1179648K
  class space    used 14494K, committed 15552K, reserved 1048576K
}
Event: 31.742 GC heap after
{Heap after GC invocations=54 (full 0):
 garbage-first heap   total 155648K, used 94193K [0x0000000080000000, 0x0000000100000000)
  region size 1024K, 6 young (6144K), 6 survivors (6144K)
 Metaspace       used 107800K, committed 109952K, reserved 1179648K
  class space    used 14494K, committed 15552K, reserved 1048576K
}
Event: 32.173 GC heap before
{Heap before GC invocations=54 (full 0):
 garbage-first heap   total 155648K, used 138225K [0x0000000080000000, 0x0000000100000000)
  region size 1024K, 50 young (51200K), 6 survivors (6144K)
 Metaspace       used 107884K, committed 110016K, reserved 1179648K
  class space    used 14503K, committed 15552K, reserved 1048576K
}
Event: 32.180 GC heap after
{Heap after GC invocations=55 (full 0):
 garbage-first heap   total 155648K, used 96231K [0x0000000080000000, 0x0000000100000000)
  region size 1024K, 5 young (5120K), 5 survivors (5120K)
 Metaspace       used 107884K, committed 110016K, reserved 1179648K
  class space    used 14503K, committed 15552K, reserved 1048576K
}

