# JRE version: OpenJDK Runtime Environment (21.0.6) (build 21.0.6+-13368085-b895.109)
# Java VM: OpenJDK 64-Bit Server VM (21.0.6+-13368085-b895.109, mixed mode, tiered, compressed oops, compressed class ptrs, g1 gc, windows-amd64)
GC Precious Log:
 CardTable entry size: 512
 Card Set container configuration: InlinePtr #cards 5 size 8 Array Of Cards #cards 12 size 40 Howl #buckets 4 coarsen threshold 1843 Howl Bitmap #cards 512 size 80 coarsen threshold 460 Card regions per heap region 1 cards per card region 2048
 CPUs: 16 total, 16 available
 Memory: 16147M
 Large Page Support: Disabled
 NUMA Support: Disabled
 Compressed Oops: Enabled (32-bit)
 Heap Region Size: 1M
 Heap Min Capacity: 8M
 Heap Initial Capacity: 254M
 Heap Max Capacity: 2G
 Pre-touch: Disabled
 Parallel Workers: 13
 Concurrent Workers: 3
 Concurrent Refinement Workers: 13
 Periodic GC: Disabled
Heap:
 garbage-first heap   total 215040K, used 150474K [0x0000000080000000, 0x0000000100000000)
  region size 1024K, 44 young (45056K), 6 survivors (6144K)
 Metaspace       used 117298K, committed 119552K, reserved 1179648K
  class space    used 15303K, committed 16448K, reserved 1048576K
GC Heap History (20 events):
Event: 11.732 GC heap before
{Heap before GC invocations=19 (full 0):
 garbage-first heap   total 215040K, used 182394K [0x0000000080000000, 0x0000000100000000)
  region size 1024K, 126 young (129024K), 16 survivors (16384K)
 Metaspace       used 86931K, committed 88832K, reserved 1179648K
  class space    used 11531K, committed 12480K, reserved 1048576K
}
Event: 11.742 GC heap after
{Heap after GC invocations=20 (full 0):
 garbage-first heap   total 215040K, used 72735K [0x0000000080000000, 0x0000000100000000)
  region size 1024K, 9 young (9216K), 9 survivors (9216K)
 Metaspace       used 86931K, committed 88832K, reserved 1179648K
  class space    used 11531K, committed 12480K, reserved 1048576K
}
Event: 11.952 GC heap before
{Heap before GC invocations=20 (full 0):
 garbage-first heap   total 215040K, used 89119K [0x0000000080000000, 0x0000000100000000)
  region size 1024K, 26 young (26624K), 9 survivors (9216K)
 Metaspace       used 88200K, committed 90176K, reserved 1179648K
  class space    used 11717K, committed 12672K, reserved 1048576K
}
Event: 11.961 GC heap after
{Heap after GC invocations=21 (full 0):
 garbage-first heap   total 215040K, used 74499K [0x0000000080000000, 0x0000000100000000)
  region size 1024K, 3 young (3072K), 3 survivors (3072K)
 Metaspace       used 88200K, committed 90176K, reserved 1179648K
  class space    used 11717K, committed 12672K, reserved 1048576K
}
Event: 13.449 GC heap before
{Heap before GC invocations=22 (full 0):
 garbage-first heap   total 215040K, used 191235K [0x0000000080000000, 0x0000000100000000)
  region size 1024K, 116 young (118784K), 3 survivors (3072K)
 Metaspace       used 97227K, committed 99328K, reserved 1179648K
  class space    used 13166K, committed 14208K, reserved 1048576K
}
Event: 13.456 GC heap after
{Heap after GC invocations=23 (full 0):
 garbage-first heap   total 215040K, used 78466K [0x0000000080000000, 0x0000000100000000)
  region size 1024K, 6 young (6144K), 6 survivors (6144K)
 Metaspace       used 97227K, committed 99328K, reserved 1179648K
  class space    used 13166K, committed 14208K, reserved 1048576K
}
Event: 15.090 GC heap before
{Heap before GC invocations=23 (full 0):
 garbage-first heap   total 215040K, used 197250K [0x0000000080000000, 0x0000000100000000)
  region size 1024K, 118 young (120832K), 6 survivors (6144K)
 Metaspace       used 107584K, committed 109760K, reserved 1179648K
  class space    used 14450K, committed 15552K, reserved 1048576K
}
Event: 15.105 GC heap after
{Heap after GC invocations=24 (full 0):
 garbage-first heap   total 215040K, used 87675K [0x0000000080000000, 0x0000000100000000)
  region size 1024K, 15 young (15360K), 15 survivors (15360K)
 Metaspace       used 107584K, committed 109760K, reserved 1179648K
  class space    used 14450K, committed 15552K, reserved 1048576K
}
Event: 15.644 GC heap before
{Heap before GC invocations=24 (full 0):
 garbage-first heap   total 215040K, used 187003K [0x0000000080000000, 0x0000000100000000)
  region size 1024K, 113 young (115712K), 15 survivors (15360K)
 Metaspace       used 107931K, committed 110080K, reserved 1179648K
  class space    used 14495K, committed 15552K, reserved 1048576K
}
Event: 15.656 GC heap after
{Heap after GC invocations=25 (full 0):
 garbage-first heap   total 215040K, used 94545K [0x0000000080000000, 0x0000000100000000)
  region size 1024K, 7 young (7168K), 7 survivors (7168K)
 Metaspace       used 107931K, committed 110080K, reserved 1179648K
  class space    used 14495K, committed 15552K, reserved 1048576K
}
Event: 16.123 GC heap before
{Heap before GC invocations=26 (full 0):
 garbage-first heap   total 215040K, used 192849K [0x0000000080000000, 0x0000000100000000)
  region size 1024K, 104 young (106496K), 7 survivors (7168K)
 Metaspace       used 108326K, committed 110528K, reserved 1179648K
  class space    used 14542K, committed 15616K, reserved 1048576K
}
Event: 16.130 GC heap after
{Heap after GC invocations=27 (full 0):
 garbage-first heap   total 215040K, used 98259K [0x0000000080000000, 0x0000000100000000)
  region size 1024K, 10 young (10240K), 10 survivors (10240K)
 Metaspace       used 108326K, committed 110528K, reserved 1179648K
  class space    used 14542K, committed 15616K, reserved 1048576K
}
Event: 17.001 GC heap before
{Heap before GC invocations=27 (full 0):
 garbage-first heap   total 215040K, used 192467K [0x0000000080000000, 0x0000000100000000)
  region size 1024K, 103 young (105472K), 10 survivors (10240K)
 Metaspace       used 115374K, committed 117632K, reserved 1179648K
  class space    used 15254K, committed 16384K, reserved 1048576K
}
Event: 17.010 GC heap after
{Heap after GC invocations=28 (full 0):
 garbage-first heap   total 215040K, used 99045K [0x0000000080000000, 0x0000000100000000)
  region size 1024K, 9 young (9216K), 9 survivors (9216K)
 Metaspace       used 115374K, committed 117632K, reserved 1179648K
  class space    used 15254K, committed 16384K, reserved 1048576K
}
Event: 56.567 GC heap before
{Heap before GC invocations=28 (full 0):
 garbage-first heap   total 215040K, used 192229K [0x0000000080000000, 0x0000000100000000)
  region size 1024K, 101 young (103424K), 9 survivors (9216K)
 Metaspace       used 116571K, committed 118720K, reserved 1179648K
  class space    used 15295K, committed 16384K, reserved 1048576K
}
Event: 56.579 GC heap after
{Heap after GC invocations=29 (full 0):
 garbage-first heap   total 215040K, used 107365K [0x0000000080000000, 0x0000000100000000)
  region size 1024K, 13 young (13312K), 13 survivors (13312K)
 Metaspace       used 116571K, committed 118720K, reserved 1179648K
  class space    used 15295K, committed 16384K, reserved 1048576K
}
Event: 62.692 GC heap before
{Heap before GC invocations=30 (full 0):
 garbage-first heap   total 215040K, used 189285K [0x0000000080000000, 0x0000000100000000)
  region size 1024K, 94 young (96256K), 13 survivors (13312K)
 Metaspace       used 116877K, committed 119040K, reserved 1179648K
  class space    used 15299K, committed 16384K, reserved 1048576K
}
Event: 62.703 GC heap after
{Heap after GC invocations=31 (full 0):
 garbage-first heap   total 215040K, used 115675K [0x0000000080000000, 0x0000000100000000)
  region size 1024K, 9 young (9216K), 9 survivors (9216K)
 Metaspace       used 116877K, committed 119040K, reserved 1179648K
  class space    used 15299K, committed 16384K, reserved 1048576K
}
Event: 117.487 GC heap before
{Heap before GC invocations=31 (full 0):
 garbage-first heap   total 215040K, used 192475K [0x0000000080000000, 0x0000000100000000)
  region size 1024K, 85 young (87040K), 9 survivors (9216K)
 Metaspace       used 117169K, committed 119360K, reserved 1179648K
  class space    used 15301K, committed 16384K, reserved 1048576K
}
Event: 117.494 GC heap after
{Heap after GC invocations=32 (full 0):
 garbage-first heap   total 215040K, used 113610K [0x0000000080000000, 0x0000000100000000)
  region size 1024K, 6 young (6144K), 6 survivors (6144K)
 Metaspace       used 117169K, committed 119360K, reserved 1179648K
  class space    used 15301K, committed 16384K, reserved 1048576K
}

