# JRE version: OpenJDK Runtime Environment (21.0.6) (build 21.0.6+-13368085-b895.109)
# Java VM: OpenJDK 64-Bit Server VM (21.0.6+-13368085-b895.109, mixed mode, tiered, compressed oops, compressed class ptrs, g1 gc, windows-amd64)
GC Precious Log:
 CardTable entry size: 512
 Card Set container configuration: InlinePtr #cards 5 size 8 Array Of Cards #cards 12 size 40 Howl #buckets 4 coarsen threshold 1843 Howl Bitmap #cards 512 size 80 coarsen threshold 460 Card regions per heap region 1 cards per card region 2048
 CPUs: 16 total, 16 available
 Memory: 16147M
 Large Page Support: Disabled
 NUMA Support: Disabled
 Compressed Oops: Enabled (32-bit)
 Heap Region Size: 1M
 Heap Min Capacity: 8M
 Heap Initial Capacity: 254M
 Heap Max Capacity: 2G
 Pre-touch: Disabled
 Parallel Workers: 13
 Concurrent Workers: 3
 Concurrent Refinement Workers: 13
 Periodic GC: Disabled
Heap:
 garbage-first heap   total 222208K, used 132642K [0x0000000080000000, 0x0000000100000000)
  region size 1024K, 27 young (27648K), 10 survivors (10240K)
 Metaspace       used 128220K, committed 130496K, reserved 1179648K
  class space    used 16727K, committed 17856K, reserved 1048576K
GC Heap History (20 events):
Event: 34.670 GC heap before
{Heap before GC invocations=25 (full 0):
 garbage-first heap   total 169984K, used 152017K [0x0000000080000000, 0x0000000100000000)
  region size 1024K, 75 young (76800K), 7 survivors (7168K)
 Metaspace       used 107855K, committed 110016K, reserved 1179648K
  class space    used 14583K, committed 15680K, reserved 1048576K
}
Event: 34.678 GC heap after
{Heap after GC invocations=26 (full 0):
 garbage-first heap   total 169984K, used 86544K [0x0000000080000000, 0x0000000100000000)
  region size 1024K, 8 young (8192K), 8 survivors (8192K)
 Metaspace       used 107855K, committed 110016K, reserved 1179648K
  class space    used 14583K, committed 15680K, reserved 1048576K
}
Event: 35.470 GC heap before
{Heap before GC invocations=27 (full 0):
 garbage-first heap   total 169984K, used 156176K [0x0000000080000000, 0x0000000100000000)
  region size 1024K, 72 young (73728K), 8 survivors (8192K)
 Metaspace       used 112804K, committed 115008K, reserved 1179648K
  class space    used 15131K, committed 16256K, reserved 1048576K
}
Event: 35.480 GC heap after
{Heap after GC invocations=28 (full 0):
 garbage-first heap   total 175104K, used 96055K [0x0000000080000000, 0x0000000100000000)
  region size 1024K, 9 young (9216K), 9 survivors (9216K)
 Metaspace       used 112804K, committed 115008K, reserved 1179648K
  class space    used 15131K, committed 16256K, reserved 1048576K
}
Event: 35.711 GC heap before
{Heap before GC invocations=28 (full 0):
 garbage-first heap   total 175104K, used 155447K [0x0000000080000000, 0x0000000100000000)
  region size 1024K, 67 young (68608K), 9 survivors (9216K)
 Metaspace       used 112858K, committed 115072K, reserved 1179648K
  class space    used 15141K, committed 16256K, reserved 1048576K
}
Event: 35.717 GC heap after
{Heap after GC invocations=29 (full 0):
 garbage-first heap   total 175104K, used 98102K [0x0000000080000000, 0x0000000100000000)
  region size 1024K, 5 young (5120K), 5 survivors (5120K)
 Metaspace       used 112858K, committed 115072K, reserved 1179648K
  class space    used 15141K, committed 16256K, reserved 1048576K
}
Event: 35.948 GC heap before
{Heap before GC invocations=29 (full 0):
 garbage-first heap   total 175104K, used 118582K [0x0000000080000000, 0x0000000100000000)
  region size 1024K, 27 young (27648K), 5 survivors (5120K)
 Metaspace       used 113551K, committed 115840K, reserved 1179648K
  class space    used 15265K, committed 16384K, reserved 1048576K
}
Event: 35.954 GC heap after
{Heap after GC invocations=30 (full 0):
 garbage-first heap   total 210944K, used 99126K [0x0000000080000000, 0x0000000100000000)
  region size 1024K, 6 young (6144K), 6 survivors (6144K)
 Metaspace       used 113551K, committed 115840K, reserved 1179648K
  class space    used 15265K, committed 16384K, reserved 1048576K
}
Event: 36.501 GC heap before
{Heap before GC invocations=30 (full 0):
 garbage-first heap   total 210944K, used 155446K [0x0000000080000000, 0x0000000100000000)
  region size 1024K, 60 young (61440K), 6 survivors (6144K)
 Metaspace       used 115490K, committed 117760K, reserved 1179648K
  class space    used 15452K, committed 16576K, reserved 1048576K
}
Event: 36.514 GC heap after
{Heap after GC invocations=31 (full 0):
 garbage-first heap   total 210944K, used 125578K [0x0000000080000000, 0x0000000100000000)
  region size 1024K, 12 young (12288K), 12 survivors (12288K)
 Metaspace       used 115490K, committed 117760K, reserved 1179648K
  class space    used 15452K, committed 16576K, reserved 1048576K
}
Event: 36.914 GC heap before
{Heap before GC invocations=32 (full 0):
 garbage-first heap   total 222208K, used 199306K [0x0000000080000000, 0x0000000100000000)
  region size 1024K, 60 young (61440K), 12 survivors (12288K)
 Metaspace       used 118083K, committed 120320K, reserved 1179648K
  class space    used 15738K, committed 16832K, reserved 1048576K
}
Event: 36.921 GC heap after
{Heap after GC invocations=33 (full 0):
 garbage-first heap   total 222208K, used 128747K [0x0000000080000000, 0x0000000100000000)
  region size 1024K, 6 young (6144K), 6 survivors (6144K)
 Metaspace       used 118083K, committed 120320K, reserved 1179648K
  class space    used 15738K, committed 16832K, reserved 1048576K
}
Event: 37.142 GC heap before
{Heap before GC invocations=33 (full 0):
 garbage-first heap   total 222208K, used 186091K [0x0000000080000000, 0x0000000100000000)
  region size 1024K, 63 young (64512K), 6 survivors (6144K)
 Metaspace       used 118273K, committed 120448K, reserved 1179648K
  class space    used 15758K, committed 16832K, reserved 1048576K
}
Event: 37.147 GC heap after
{Heap after GC invocations=34 (full 0):
 garbage-first heap   total 222208K, used 128556K [0x0000000080000000, 0x0000000100000000)
  region size 1024K, 5 young (5120K), 5 survivors (5120K)
 Metaspace       used 118273K, committed 120448K, reserved 1179648K
  class space    used 15758K, committed 16832K, reserved 1048576K
}
Event: 37.337 GC heap before
{Heap before GC invocations=34 (full 0):
 garbage-first heap   total 222208K, used 189996K [0x0000000080000000, 0x0000000100000000)
  region size 1024K, 66 young (67584K), 5 survivors (5120K)
 Metaspace       used 118907K, committed 121152K, reserved 1179648K
  class space    used 15822K, committed 16960K, reserved 1048576K
}
Event: 37.342 GC heap after
{Heap after GC invocations=35 (full 0):
 garbage-first heap   total 222208K, used 131540K [0x0000000080000000, 0x0000000100000000)
  region size 1024K, 8 young (8192K), 8 survivors (8192K)
 Metaspace       used 118907K, committed 121152K, reserved 1179648K
  class space    used 15822K, committed 16960K, reserved 1048576K
}
Event: 43.865 GC heap before
{Heap before GC invocations=36 (full 0):
 garbage-first heap   total 222208K, used 175572K [0x0000000080000000, 0x0000000100000000)
  region size 1024K, 69 young (70656K), 8 survivors (8192K)
 Metaspace       used 124912K, committed 127168K, reserved 1179648K
  class space    used 16476K, committed 17600K, reserved 1048576K
}
Event: 43.871 GC heap after
{Heap after GC invocations=37 (full 0):
 garbage-first heap   total 222208K, used 117411K [0x0000000080000000, 0x0000000100000000)
  region size 1024K, 6 young (6144K), 6 survivors (6144K)
 Metaspace       used 124912K, committed 127168K, reserved 1179648K
  class space    used 16476K, committed 17600K, reserved 1048576K
}
Event: 70.918 GC heap before
{Heap before GC invocations=37 (full 0):
 garbage-first heap   total 222208K, used 192163K [0x0000000080000000, 0x0000000100000000)
  region size 1024K, 80 young (81920K), 6 survivors (6144K)
 Metaspace       used 128100K, committed 130368K, reserved 1179648K
  class space    used 16727K, committed 17856K, reserved 1048576K
}
Event: 70.924 GC heap after
{Heap after GC invocations=38 (full 0):
 garbage-first heap   total 222208K, used 116258K [0x0000000080000000, 0x0000000100000000)
  region size 1024K, 10 young (10240K), 10 survivors (10240K)
 Metaspace       used 128100K, committed 130368K, reserved 1179648K
  class space    used 16727K, committed 17856K, reserved 1048576K
}

